This is pdfTeX, Version 3.14159265-2.6-1.40.20 (TeX Live 2019) (preloaded format=pdflatex 2019.8.22)  24 APR 2025 14:57
entering extended mode
 restricted \write18 enabled.
 %&-line parsing enabled.
**thesis.tex
(./thesis.tex
LaTeX2e <2018-12-01>
(/usr/local/texlive/2019/texmf-dist/tex/latex/base/report.cls
Document Class: report 2018/09/03 v1.4i Standard LaTeX document class
(/usr/local/texlive/2019/texmf-dist/tex/latex/base/size12.clo
File: size12.clo 2018/09/03 v1.4i Standard LaTeX file (size option)
)
\c@part=\count80
\c@chapter=\count81
\c@section=\count82
\c@subsection=\count83
\c@subsubsection=\count84
\c@paragraph=\count85
\c@subparagraph=\count86
\c@figure=\count87
\c@table=\count88
\abovecaptionskip=\skip41
\belowcaptionskip=\skip42
\bibindent=\dimen102
)
(/usr/local/texlive/2019/texmf-dist/tex/latex/geometry/geometry.sty
Package: geometry 2018/04/16 v5.8 Page Geometry

(/usr/local/texlive/2019/texmf-dist/tex/latex/graphics/keyval.sty
Package: keyval 2014/10/28 v1.15 key=value parser (DPC)
\KV@toks@=\toks14
)
(/usr/local/texlive/2019/texmf-dist/tex/generic/oberdiek/ifpdf.sty
Package: ifpdf 2018/09/07 v3.3 Provides the ifpdf switch
)
(/usr/local/texlive/2019/texmf-dist/tex/generic/oberdiek/ifvtex.sty
Package: ifvtex 2016/05/16 v1.6 Detect VTeX and its facilities (HO)
Package ifvtex Info: VTeX not detected.
)
(/usr/local/texlive/2019/texmf-dist/tex/generic/ifxetex/ifxetex.sty
Package: ifxetex 2010/09/12 v0.6 Provides ifxetex conditional
)
\Gm@cnth=\count89
\Gm@cntv=\count90
\c@Gm@tempcnt=\count91
\Gm@bindingoffset=\dimen103
\Gm@wd@mp=\dimen104
\Gm@odd@mp=\dimen105
\Gm@even@mp=\dimen106
\Gm@layoutwidth=\dimen107
\Gm@layoutheight=\dimen108
\Gm@layouthoffset=\dimen109
\Gm@layoutvoffset=\dimen110
\Gm@dimlist=\toks15
)
(/usr/local/texlive/2019/texmf-dist/tex/latex/setspace/setspace.sty
Package: setspace 2011/12/19 v6.7a set line spacing
)
(/usr/local/texlive/2019/texmf-dist/tex/latex/datetime/datetime.sty
Package: datetime 2015/03/20 v2.60 Date Time Package

(/usr/local/texlive/2019/texmf-dist/tex/latex/etoolbox/etoolbox.sty
Package: etoolbox 2018/08/19 v2.5f e-TeX tools for LaTeX (JAW)
\etb@tempcnta=\count92
)
(/usr/local/texlive/2019/texmf-dist/tex/latex/fmtcount/fmtcount.sty
Package: fmtcount 2017/12/24 v3.05

(/usr/local/texlive/2019/texmf-dist/tex/latex/base/ifthen.sty
Package: ifthen 2014/09/29 v1.1c Standard LaTeX ifthen package (DPC)
)
(/usr/local/texlive/2019/texmf-dist/tex/latex/xkeyval/xkeyval.sty
Package: xkeyval 2014/12/03 v2.7a package option processing (HA)

(/usr/local/texlive/2019/texmf-dist/tex/generic/xkeyval/xkeyval.tex
(/usr/local/texlive/2019/texmf-dist/tex/generic/xkeyval/xkvutils.tex
\XKV@toks=\toks16
\XKV@tempa@toks=\toks17
)
\XKV@depth=\count93
File: xkeyval.tex 2014/12/03 v2.7a key=value parser (HA)
))
(/usr/local/texlive/2019/texmf-dist/tex/latex/fmtcount/fcprefix.sty
Package: fcprefix 2012/09/28

(/usr/local/texlive/2019/texmf-dist/tex/latex/fmtcount/fcnumparser.sty
Package: fcnumparser 2017/06/15
\fc@digit@counter=\count94
))
(/usr/local/texlive/2019/texmf-dist/tex/latex/amsmath/amsgen.sty
File: amsgen.sty 1999/11/30 v2.0 generic functions
\@emptytoks=\toks18
\ex@=\dimen111
)
\c@padzeroesN=\count95
\fc@tmpcatcode=\count96
\@DT@modctr=\count97
\@ordinalctr=\count98
\@orgargctr=\count99
\@strctr=\count100
\@tmpstrctr=\count101
\@DT@loopN=\count102
\@DT@X=\count103
)
(/usr/local/texlive/2019/texmf-dist/tex/latex/datetime/datetime-defaults.sty
Package: datetime-defaults 2013/09/10
)
\@day=\count104
\@month=\count105
\@year=\count106
\c@HOUR=\count107
\c@HOURXII=\count108
\c@MINUTE=\count109
\c@TOHOUR=\count110
\c@TOMINUTE=\count111
\c@SECOND=\count112
\currenthour=\count113
\currentminute=\count114
\currentsecond=\count115
Package datetime Info: No datetime.cfg file found, using default settings on in
put line 308.
\@dtctr=\count116
\dayofyear=\count117
\dayofweek=\count118
LaTeX Info: Redefining \today on input line 736.
\dt@a=\toks19
\dt@b=\toks20
)
(/usr/local/texlive/2019/texmf-dist/tex/latex/fancyhdr/fancyhdr.sty
Package: fancyhdr 2019/01/31 v3.10 Extensive control of page headers and footer
s
\f@nch@headwidth=\skip43
\f@nch@O@elh=\skip44
\f@nch@O@erh=\skip45
\f@nch@O@olh=\skip46
\f@nch@O@orh=\skip47
\f@nch@O@elf=\skip48
\f@nch@O@erf=\skip49
\f@nch@O@olf=\skip50
\f@nch@O@orf=\skip51
)
(/usr/local/texlive/2019/texmf-dist/tex/latex/pgf/frontendlayer/tikz.sty
(/usr/local/texlive/2019/texmf-dist/tex/latex/pgf/basiclayer/pgf.sty
(/usr/local/texlive/2019/texmf-dist/tex/latex/pgf/utilities/pgfrcs.sty
(/usr/local/texlive/2019/texmf-dist/tex/generic/pgf/utilities/pgfutil-common.te
x
\pgfutil@everybye=\toks21
\pgfutil@tempdima=\dimen112
\pgfutil@tempdimb=\dimen113

(/usr/local/texlive/2019/texmf-dist/tex/generic/pgf/utilities/pgfutil-common-li
sts.tex))
(/usr/local/texlive/2019/texmf-dist/tex/generic/pgf/utilities/pgfutil-latex.def
\pgfutil@abb=\box27
(/usr/local/texlive/2019/texmf-dist/tex/latex/ms/everyshi.sty
Package: everyshi 2001/05/15 v3.00 EveryShipout Package (MS)
))
(/usr/local/texlive/2019/texmf-dist/tex/generic/pgf/utilities/pgfrcs.code.tex
(/usr/local/texlive/2019/texmf-dist/tex/generic/pgf/pgf.revision.tex)
Package: pgfrcs 2019/04/04 v3.1.2 (3.1.2)
))
Package: pgf 2019/04/04 v3.1.2 (3.1.2)

(/usr/local/texlive/2019/texmf-dist/tex/latex/pgf/basiclayer/pgfcore.sty
(/usr/local/texlive/2019/texmf-dist/tex/latex/graphics/graphicx.sty
Package: graphicx 2017/06/01 v1.1a Enhanced LaTeX Graphics (DPC,SPQR)

(/usr/local/texlive/2019/texmf-dist/tex/latex/graphics/graphics.sty
Package: graphics 2017/06/25 v1.2c Standard LaTeX Graphics (DPC,SPQR)

(/usr/local/texlive/2019/texmf-dist/tex/latex/graphics/trig.sty
Package: trig 2016/01/03 v1.10 sin cos tan (DPC)
)
(/usr/local/texlive/2019/texmf-dist/tex/latex/graphics-cfg/graphics.cfg
File: graphics.cfg 2016/06/04 v1.11 sample graphics configuration
)
Package graphics Info: Driver file: pdftex.def on input line 99.

(/usr/local/texlive/2019/texmf-dist/tex/latex/graphics-def/pdftex.def
File: pdftex.def 2018/01/08 v1.0l Graphics/color driver for pdftex
))
\Gin@req@height=\dimen114
\Gin@req@width=\dimen115
)
(/usr/local/texlive/2019/texmf-dist/tex/latex/pgf/systemlayer/pgfsys.sty
(/usr/local/texlive/2019/texmf-dist/tex/generic/pgf/systemlayer/pgfsys.code.tex
Package: pgfsys 2019/04/04 v3.1.2 (3.1.2)
(/usr/local/texlive/2019/texmf-dist/tex/generic/pgf/utilities/pgfkeys.code.tex
\pgfkeys@pathtoks=\toks22
\pgfkeys@temptoks=\toks23

(/usr/local/texlive/2019/texmf-dist/tex/generic/pgf/utilities/pgfkeysfiltered.c
ode.tex
\pgfkeys@tmptoks=\toks24
))
\pgf@x=\dimen116
\pgf@y=\dimen117
\pgf@xa=\dimen118
\pgf@ya=\dimen119
\pgf@xb=\dimen120
\pgf@yb=\dimen121
\pgf@xc=\dimen122
\pgf@yc=\dimen123
\w@pgf@writea=\write3
\r@pgf@reada=\read1
\c@pgf@counta=\count119
\c@pgf@countb=\count120
\c@pgf@countc=\count121
\c@pgf@countd=\count122
\t@pgf@toka=\toks25
\t@pgf@tokb=\toks26
\t@pgf@tokc=\toks27
\pgf@sys@id@count=\count123

(/usr/local/texlive/2019/texmf-dist/tex/generic/pgf/systemlayer/pgf.cfg
File: pgf.cfg 2019/04/04 v3.1.2 (3.1.2)
)
Driver file for pgf: pgfsys-pdftex.def

(/usr/local/texlive/2019/texmf-dist/tex/generic/pgf/systemlayer/pgfsys-pdftex.d
ef
File: pgfsys-pdftex.def 2019/04/04 v3.1.2 (3.1.2)

(/usr/local/texlive/2019/texmf-dist/tex/generic/pgf/systemlayer/pgfsys-common-p
df.def
File: pgfsys-common-pdf.def 2019/04/04 v3.1.2 (3.1.2)
)))
(/usr/local/texlive/2019/texmf-dist/tex/generic/pgf/systemlayer/pgfsyssoftpath.
code.tex
File: pgfsyssoftpath.code.tex 2019/04/04 v3.1.2 (3.1.2)
\pgfsyssoftpath@smallbuffer@items=\count124
\pgfsyssoftpath@bigbuffer@items=\count125
)
(/usr/local/texlive/2019/texmf-dist/tex/generic/pgf/systemlayer/pgfsysprotocol.
code.tex
File: pgfsysprotocol.code.tex 2019/04/04 v3.1.2 (3.1.2)
)) (/usr/local/texlive/2019/texmf-dist/tex/latex/xcolor/xcolor.sty
Package: xcolor 2016/05/11 v2.12 LaTeX color extensions (UK)

(/usr/local/texlive/2019/texmf-dist/tex/latex/graphics-cfg/color.cfg
File: color.cfg 2016/01/02 v1.6 sample color configuration
)
Package xcolor Info: Driver file: pdftex.def on input line 225.
Package xcolor Info: Model `cmy' substituted by `cmy0' on input line 1348.
Package xcolor Info: Model `hsb' substituted by `rgb' on input line 1352.
Package xcolor Info: Model `RGB' extended on input line 1364.
Package xcolor Info: Model `HTML' substituted by `rgb' on input line 1366.
Package xcolor Info: Model `Hsb' substituted by `hsb' on input line 1367.
Package xcolor Info: Model `tHsb' substituted by `hsb' on input line 1368.
Package xcolor Info: Model `HSB' substituted by `hsb' on input line 1369.
Package xcolor Info: Model `Gray' substituted by `gray' on input line 1370.
Package xcolor Info: Model `wave' substituted by `hsb' on input line 1371.
)
(/usr/local/texlive/2019/texmf-dist/tex/generic/pgf/basiclayer/pgfcore.code.tex
Package: pgfcore 2019/04/04 v3.1.2 (3.1.2)
(/usr/local/texlive/2019/texmf-dist/tex/generic/pgf/math/pgfmath.code.tex
(/usr/local/texlive/2019/texmf-dist/tex/generic/pgf/math/pgfmathcalc.code.tex
(/usr/local/texlive/2019/texmf-dist/tex/generic/pgf/math/pgfmathutil.code.tex)
(/usr/local/texlive/2019/texmf-dist/tex/generic/pgf/math/pgfmathparser.code.tex
\pgfmath@dimen=\dimen124
\pgfmath@count=\count126
\pgfmath@box=\box28
\pgfmath@toks=\toks28
\pgfmath@stack@operand=\toks29
\pgfmath@stack@operation=\toks30
)
(/usr/local/texlive/2019/texmf-dist/tex/generic/pgf/math/pgfmathfunctions.code.
tex
(/usr/local/texlive/2019/texmf-dist/tex/generic/pgf/math/pgfmathfunctions.basic
.code.tex)
(/usr/local/texlive/2019/texmf-dist/tex/generic/pgf/math/pgfmathfunctions.trigo
nometric.code.tex)
(/usr/local/texlive/2019/texmf-dist/tex/generic/pgf/math/pgfmathfunctions.rando
m.code.tex)
(/usr/local/texlive/2019/texmf-dist/tex/generic/pgf/math/pgfmathfunctions.compa
rison.code.tex)
(/usr/local/texlive/2019/texmf-dist/tex/generic/pgf/math/pgfmathfunctions.base.
code.tex)
(/usr/local/texlive/2019/texmf-dist/tex/generic/pgf/math/pgfmathfunctions.round
.code.tex)
(/usr/local/texlive/2019/texmf-dist/tex/generic/pgf/math/pgfmathfunctions.misc.
code.tex)
(/usr/local/texlive/2019/texmf-dist/tex/generic/pgf/math/pgfmathfunctions.integ
erarithmetics.code.tex)))
(/usr/local/texlive/2019/texmf-dist/tex/generic/pgf/math/pgfmathfloat.code.tex
\c@pgfmathroundto@lastzeros=\count127
))
(/usr/local/texlive/2019/texmf-dist/tex/generic/pgf/basiclayer/pgfcorepoints.co
de.tex
File: pgfcorepoints.code.tex 2019/04/04 v3.1.2 (3.1.2)
\pgf@picminx=\dimen125
\pgf@picmaxx=\dimen126
\pgf@picminy=\dimen127
\pgf@picmaxy=\dimen128
\pgf@pathminx=\dimen129
\pgf@pathmaxx=\dimen130
\pgf@pathminy=\dimen131
\pgf@pathmaxy=\dimen132
\pgf@xx=\dimen133
\pgf@xy=\dimen134
\pgf@yx=\dimen135
\pgf@yy=\dimen136
\pgf@zx=\dimen137
\pgf@zy=\dimen138
)
(/usr/local/texlive/2019/texmf-dist/tex/generic/pgf/basiclayer/pgfcorepathconst
ruct.code.tex
File: pgfcorepathconstruct.code.tex 2019/04/04 v3.1.2 (3.1.2)
\pgf@path@lastx=\dimen139
\pgf@path@lasty=\dimen140
)
(/usr/local/texlive/2019/texmf-dist/tex/generic/pgf/basiclayer/pgfcorepathusage
.code.tex
File: pgfcorepathusage.code.tex 2019/04/04 v3.1.2 (3.1.2)
\pgf@shorten@end@additional=\dimen141
\pgf@shorten@start@additional=\dimen142
)
(/usr/local/texlive/2019/texmf-dist/tex/generic/pgf/basiclayer/pgfcorescopes.co
de.tex
File: pgfcorescopes.code.tex 2019/04/04 v3.1.2 (3.1.2)
\pgfpic=\box29
\pgf@hbox=\box30
\pgf@layerbox@main=\box31
\pgf@picture@serial@count=\count128
)
(/usr/local/texlive/2019/texmf-dist/tex/generic/pgf/basiclayer/pgfcoregraphicst
ate.code.tex
File: pgfcoregraphicstate.code.tex 2019/04/04 v3.1.2 (3.1.2)
\pgflinewidth=\dimen143
)
(/usr/local/texlive/2019/texmf-dist/tex/generic/pgf/basiclayer/pgfcoretransform
ations.code.tex
File: pgfcoretransformations.code.tex 2019/04/04 v3.1.2 (3.1.2)
\pgf@pt@x=\dimen144
\pgf@pt@y=\dimen145
\pgf@pt@temp=\dimen146
)
(/usr/local/texlive/2019/texmf-dist/tex/generic/pgf/basiclayer/pgfcorequick.cod
e.tex
File: pgfcorequick.code.tex 2019/04/04 v3.1.2 (3.1.2)
)
(/usr/local/texlive/2019/texmf-dist/tex/generic/pgf/basiclayer/pgfcoreobjects.c
ode.tex
File: pgfcoreobjects.code.tex 2019/04/04 v3.1.2 (3.1.2)
)
(/usr/local/texlive/2019/texmf-dist/tex/generic/pgf/basiclayer/pgfcorepathproce
ssing.code.tex
File: pgfcorepathprocessing.code.tex 2019/04/04 v3.1.2 (3.1.2)
)
(/usr/local/texlive/2019/texmf-dist/tex/generic/pgf/basiclayer/pgfcorearrows.co
de.tex
File: pgfcorearrows.code.tex 2019/04/04 v3.1.2 (3.1.2)
\pgfarrowsep=\dimen147
)
(/usr/local/texlive/2019/texmf-dist/tex/generic/pgf/basiclayer/pgfcoreshade.cod
e.tex
File: pgfcoreshade.code.tex 2019/04/04 v3.1.2 (3.1.2)
\pgf@max=\dimen148
\pgf@sys@shading@range@num=\count129
\pgf@shadingcount=\count130
)
(/usr/local/texlive/2019/texmf-dist/tex/generic/pgf/basiclayer/pgfcoreimage.cod
e.tex
File: pgfcoreimage.code.tex 2019/04/04 v3.1.2 (3.1.2)

(/usr/local/texlive/2019/texmf-dist/tex/generic/pgf/basiclayer/pgfcoreexternal.
code.tex
File: pgfcoreexternal.code.tex 2019/04/04 v3.1.2 (3.1.2)
\pgfexternal@startupbox=\box32
))
(/usr/local/texlive/2019/texmf-dist/tex/generic/pgf/basiclayer/pgfcorelayers.co
de.tex
File: pgfcorelayers.code.tex 2019/04/04 v3.1.2 (3.1.2)
)
(/usr/local/texlive/2019/texmf-dist/tex/generic/pgf/basiclayer/pgfcoretranspare
ncy.code.tex
File: pgfcoretransparency.code.tex 2019/04/04 v3.1.2 (3.1.2)
)
(/usr/local/texlive/2019/texmf-dist/tex/generic/pgf/basiclayer/pgfcorepatterns.
code.tex
File: pgfcorepatterns.code.tex 2019/04/04 v3.1.2 (3.1.2)
)
(/usr/local/texlive/2019/texmf-dist/tex/generic/pgf/basiclayer/pgfcorerdf.code.
tex
File: pgfcorerdf.code.tex 2019/04/04 v3.1.2 (3.1.2)
)))
(/usr/local/texlive/2019/texmf-dist/tex/generic/pgf/modules/pgfmoduleshapes.cod
e.tex
File: pgfmoduleshapes.code.tex 2019/04/04 v3.1.2 (3.1.2)
\pgfnodeparttextbox=\box33
)
(/usr/local/texlive/2019/texmf-dist/tex/generic/pgf/modules/pgfmoduleplot.code.
tex
File: pgfmoduleplot.code.tex 2019/04/04 v3.1.2 (3.1.2)
)
(/usr/local/texlive/2019/texmf-dist/tex/latex/pgf/compatibility/pgfcomp-version
-0-65.sty
Package: pgfcomp-version-0-65 2019/04/04 v3.1.2 (3.1.2)
\pgf@nodesepstart=\dimen149
\pgf@nodesepend=\dimen150
)
(/usr/local/texlive/2019/texmf-dist/tex/latex/pgf/compatibility/pgfcomp-version
-1-18.sty
Package: pgfcomp-version-1-18 2019/04/04 v3.1.2 (3.1.2)
))
(/usr/local/texlive/2019/texmf-dist/tex/latex/pgf/utilities/pgffor.sty
(/usr/local/texlive/2019/texmf-dist/tex/latex/pgf/utilities/pgfkeys.sty
(/usr/local/texlive/2019/texmf-dist/tex/generic/pgf/utilities/pgfkeys.code.tex)
) (/usr/local/texlive/2019/texmf-dist/tex/latex/pgf/math/pgfmath.sty
(/usr/local/texlive/2019/texmf-dist/tex/generic/pgf/math/pgfmath.code.tex))
(/usr/local/texlive/2019/texmf-dist/tex/generic/pgf/utilities/pgffor.code.tex
Package: pgffor 2019/04/04 v3.1.2 (3.1.2)

(/usr/local/texlive/2019/texmf-dist/tex/generic/pgf/math/pgfmath.code.tex)
\pgffor@iter=\dimen151
\pgffor@skip=\dimen152
\pgffor@stack=\toks31
\pgffor@toks=\toks32
))
(/usr/local/texlive/2019/texmf-dist/tex/generic/pgf/frontendlayer/tikz/tikz.cod
e.tex
Package: tikz 2019/04/04 v3.1.2 (3.1.2)

(/usr/local/texlive/2019/texmf-dist/tex/generic/pgf/libraries/pgflibraryplothan
dlers.code.tex
File: pgflibraryplothandlers.code.tex 2019/04/04 v3.1.2 (3.1.2)
\pgf@plot@mark@count=\count131
\pgfplotmarksize=\dimen153
)
\tikz@lastx=\dimen154
\tikz@lasty=\dimen155
\tikz@lastxsaved=\dimen156
\tikz@lastysaved=\dimen157
\tikzleveldistance=\dimen158
\tikzsiblingdistance=\dimen159
\tikz@figbox=\box34
\tikz@figbox@bg=\box35
\tikz@tempbox=\box36
\tikz@tempbox@bg=\box37
\tikztreelevel=\count132
\tikznumberofchildren=\count133
\tikznumberofcurrentchild=\count134
\tikz@fig@count=\count135

(/usr/local/texlive/2019/texmf-dist/tex/generic/pgf/modules/pgfmodulematrix.cod
e.tex
File: pgfmodulematrix.code.tex 2019/04/04 v3.1.2 (3.1.2)
\pgfmatrixcurrentrow=\count136
\pgfmatrixcurrentcolumn=\count137
\pgf@matrix@numberofcolumns=\count138
)
\tikz@expandcount=\count139

(/usr/local/texlive/2019/texmf-dist/tex/generic/pgf/frontendlayer/tikz/librarie
s/tikzlibrarytopaths.code.tex
File: tikzlibrarytopaths.code.tex 2019/04/04 v3.1.2 (3.1.2)
)))
(/usr/local/texlive/2019/texmf-dist/tex/latex/subfig/subfig.sty
Package: subfig 2005/06/28 ver: 1.3 subfig package

(/usr/local/texlive/2019/texmf-dist/tex/latex/caption/caption3.sty
Package: caption3 2018/09/12 v1.8c caption3 kernel (AR)
Package caption3 Info: TeX engine: e-TeX on input line 64.
\captionmargin=\dimen160
\captionmargin@=\dimen161
\captionwidth=\dimen162
\caption@tempdima=\dimen163
\caption@indent=\dimen164
\caption@parindent=\dimen165
\caption@hangindent=\dimen166
)
\c@KVtest=\count140
\sf@farskip=\skip52
\sf@captopadj=\dimen167
\sf@capskip=\skip53
\sf@nearskip=\skip54
\c@subfigure=\count141
\c@subfigure@save=\count142
\c@lofdepth=\count143
\c@subtable=\count144
\c@subtable@save=\count145
\c@lotdepth=\count146
\sf@top=\skip55
\sf@bottom=\skip56
)
(/usr/local/texlive/2019/texmf-dist/tex/latex/makecell/makecell.sty
Package: makecell 2009/08/03 V0.1e Managing of Tab Column Heads and Cells

(/usr/local/texlive/2019/texmf-dist/tex/latex/tools/array.sty
Package: array 2018/12/30 v2.4k Tabular extension package (FMi)
\col@sep=\dimen168
\ar@mcellbox=\box38
\extrarowheight=\dimen169
\NC@list=\toks33
\extratabsurround=\skip57
\backup@length=\skip58
\ar@cellbox=\box39
)
\rotheadsize=\dimen170
\c@nlinenum=\count147
\TeXr@lab=\toks34
)
(/usr/local/texlive/2019/texmf-dist/tex/latex/tools/enumerate.sty
Package: enumerate 2015/07/23 v3.00 enumerate extensions (DPC)
\@enLab=\toks35
)
(/usr/local/texlive/2019/texmf-dist/tex/latex/algorithmicx/algpseudocode.sty
Package: algpseudocode 

(/usr/local/texlive/2019/texmf-dist/tex/latex/algorithmicx/algorithmicx.sty
Package: algorithmicx 2005/04/27 v1.2 Algorithmicx

Document Style algorithmicx 1.2 - a greatly improved `algorithmic' style
\c@ALG@line=\count148
\c@ALG@rem=\count149
\c@ALG@nested=\count150
\ALG@tlm=\skip59
\ALG@thistlm=\skip60
\c@ALG@Lnr=\count151
\c@ALG@blocknr=\count152
\c@ALG@storecount=\count153
\c@ALG@tmpcounter=\count154
\ALG@tmplength=\skip61
)
Document Style - pseudocode environments for use with the `algorithmicx' style
) (/usr/local/texlive/2019/texmf-dist/tex/latex/booktabs/booktabs.sty
Package: booktabs 2016/04/27 v1.618033 publication quality tables
\heavyrulewidth=\dimen171
\lightrulewidth=\dimen172
\cmidrulewidth=\dimen173
\belowrulesep=\dimen174
\belowbottomsep=\dimen175
\aboverulesep=\dimen176
\abovetopsep=\dimen177
\cmidrulesep=\dimen178
\cmidrulekern=\dimen179
\defaultaddspace=\dimen180
\@cmidla=\count155
\@cmidlb=\count156
\@aboverulesep=\dimen181
\@belowrulesep=\dimen182
\@thisruleclass=\count157
\@lastruleclass=\count158
\@thisrulewidth=\dimen183
)
(/usr/local/texlive/2019/texmf-dist/tex/latex/diagbox/diagbox.sty
Package: diagbox 2016/12/28 v2.2 Making table heads with diagonal lines

(/usr/local/texlive/2019/texmf-dist/tex/latex/pict2e/pict2e.sty
Package: pict2e 2016/02/05 v0.3b Improved picture commands (HjG,RN,JT)

(/usr/local/texlive/2019/texmf-dist/tex/latex/pict2e/pict2e.cfg
File: pict2e.cfg 2016/02/05 v0.1u pict2e configuration for teTeX/TeXLive
)
Package pict2e Info: Driver file: pdftex.def on input line 119.
Package pict2e Info: Driver file for pict2e: p2e-pdftex.def on input line 121.

(/usr/local/texlive/2019/texmf-dist/tex/latex/pict2e/p2e-pdftex.def
File: p2e-pdftex.def 2016/02/05 v0.1u Driver-dependant file (RN,HjG,JT)
)
\pIIe@GRAPH=\toks36
\@arclen=\dimen184
\@arcrad=\dimen185
\@tempdimd=\dimen186
)
(/usr/local/texlive/2019/texmf-dist/tex/latex/fp/fp.sty
Package: fp 1995/04/02

`Fixed Point Package', Version 0.8, April 2, 1995 (C) Michael Mehlich
(/usr/local/texlive/2019/texmf-dist/tex/latex/fp/defpattern.sty
Package: defpattern 1994/10/12
\actioncount=\count159
)
(/usr/local/texlive/2019/texmf-dist/tex/latex/fp/fp-basic.sty
Package: fp-basic 1996/05/13
\FP@xs=\count160
\FP@xia=\count161
\FP@xib=\count162
\FP@xfa=\count163
\FP@xfb=\count164
\FP@rega=\count165
\FP@regb=\count166
\FP@regs=\count167
\FP@times=\count168
)
(/usr/local/texlive/2019/texmf-dist/tex/latex/fp/fp-addons.sty
Package: fp-addons 1995/03/15
)
(/usr/local/texlive/2019/texmf-dist/tex/latex/fp/fp-snap.sty
Package: fp-snap 1995/04/05
)
(/usr/local/texlive/2019/texmf-dist/tex/latex/fp/fp-exp.sty
Package: fp-exp 1995/04/03
)
(/usr/local/texlive/2019/texmf-dist/tex/latex/fp/fp-trigo.sty
Package: fp-trigo 1995/04/14
)
(/usr/local/texlive/2019/texmf-dist/tex/latex/fp/fp-pas.sty
Package: fp-pas 1994/08/29
)
(/usr/local/texlive/2019/texmf-dist/tex/latex/fp/fp-random.sty
Package: fp-random 1995/02/23
\FPseed=\count169
)
(/usr/local/texlive/2019/texmf-dist/tex/latex/fp/fp-eqn.sty
Package: fp-eqn 1995/04/03
)
(/usr/local/texlive/2019/texmf-dist/tex/latex/fp/fp-upn.sty
Package: fp-upn 1996/10/21
)
(/usr/local/texlive/2019/texmf-dist/tex/latex/fp/fp-eval.sty
Package: fp-eval 1995/04/03
))
(/usr/local/texlive/2019/texmf-dist/tex/latex/tools/calc.sty
Package: calc 2017/05/25 v4.3 Infix arithmetic (KKT,FJ)
\calc@Acount=\count170
\calc@Bcount=\count171
\calc@Adimen=\dimen187
\calc@Bdimen=\dimen188
\calc@Askip=\skip62
\calc@Bskip=\skip63
LaTeX Info: Redefining \setlength on input line 80.
LaTeX Info: Redefining \addtolength on input line 81.
\calc@Ccount=\count172
\calc@Cskip=\skip64
)
\diagbox@boxa=\box40
\diagbox@boxb=\box41
\diagbox@boxm=\box42
\diagbox@wd=\dimen189
\diagbox@ht=\dimen190
\diagbox@insepl=\dimen191
\diagbox@insepr=\dimen192
\diagbox@outsepl=\dimen193
\diagbox@outsepr=\dimen194
)
(/usr/local/texlive/2019/texmf-dist/tex/latex/tools/verbatim.sty
Package: verbatim 2014/10/28 v1.5q LaTeX2e package for verbatim enhancements
\every@verbatim=\toks37
\verbatim@line=\toks38
\verbatim@in@stream=\read2
)
(/usr/local/texlive/2019/texmf-dist/tex/latex/algorithms/algorithm.sty
Package: algorithm 2009/08/24 v0.1 Document Style `algorithm' - floating enviro
nment

(/usr/local/texlive/2019/texmf-dist/tex/latex/float/float.sty
Package: float 2001/11/08 v1.3d Float enhancements (AL)
\c@float@type=\count173
\float@exts=\toks39
\float@box=\box43
\@float@everytoks=\toks40
\@floatcapt=\box44
)
\@float@every@algorithm=\toks41
\c@algorithm=\count174
)
(/usr/local/texlive/2019/texmf-dist/tex/latex/amsfonts/amssymb.sty
Package: amssymb 2013/01/14 v3.01 AMS font symbols

(/usr/local/texlive/2019/texmf-dist/tex/latex/amsfonts/amsfonts.sty
Package: amsfonts 2013/01/14 v3.01 Basic AMSFonts support
\symAMSa=\mathgroup4
\symAMSb=\mathgroup5
LaTeX Font Info:    Overwriting math alphabet `\mathfrak' in version `bold'
(Font)                  U/euf/m/n --> U/euf/b/n on input line 106.
))
(/usr/local/texlive/2019/texmf-dist/tex/latex/amsmath/amsmath.sty
Package: amsmath 2018/12/01 v2.17b AMS math features
\@mathmargin=\skip65

For additional information on amsmath, use the `?' option.
(/usr/local/texlive/2019/texmf-dist/tex/latex/amsmath/amstext.sty
Package: amstext 2000/06/29 v2.01 AMS text
)
(/usr/local/texlive/2019/texmf-dist/tex/latex/amsmath/amsbsy.sty
Package: amsbsy 1999/11/29 v1.2d Bold Symbols
\pmbraise@=\dimen195
)
(/usr/local/texlive/2019/texmf-dist/tex/latex/amsmath/amsopn.sty
Package: amsopn 2016/03/08 v2.02 operator names
)
\inf@bad=\count175
LaTeX Info: Redefining \frac on input line 223.
\uproot@=\count176
\leftroot@=\count177
LaTeX Info: Redefining \overline on input line 385.
\classnum@=\count178
\DOTSCASE@=\count179
LaTeX Info: Redefining \ldots on input line 482.
LaTeX Info: Redefining \dots on input line 485.
LaTeX Info: Redefining \cdots on input line 606.
\Mathstrutbox@=\box45
\strutbox@=\box46
\big@size=\dimen196
LaTeX Font Info:    Redeclaring font encoding OML on input line 729.
LaTeX Font Info:    Redeclaring font encoding OMS on input line 730.
\macc@depth=\count180
\c@MaxMatrixCols=\count181
\dotsspace@=\muskip10
\c@parentequation=\count182
\dspbrk@lvl=\count183
\tag@help=\toks42
\row@=\count184
\column@=\count185
\maxfields@=\count186
\andhelp@=\toks43
\eqnshift@=\dimen197
\alignsep@=\dimen198
\tagshift@=\dimen199
\tagwidth@=\dimen256
\totwidth@=\dimen257
\lineht@=\dimen258
\@envbody=\toks44
\multlinegap=\skip66
\multlinetaggap=\skip67
\mathdisplay@stack=\toks45
LaTeX Info: Redefining \[ on input line 2844.
LaTeX Info: Redefining \] on input line 2845.
)
(/usr/local/texlive/2019/texmf-dist/tex/latex/amscls/amsthm.sty
Package: amsthm 2017/10/31 v2.20.4
\thm@style=\toks46
\thm@bodyfont=\toks47
\thm@headfont=\toks48
\thm@notefont=\toks49
\thm@headpunct=\toks50
\thm@preskip=\skip68
\thm@postskip=\skip69
\thm@headsep=\skip70
\dth@everypar=\toks51
)
(/usr/local/texlive/2019/texmf-dist/tex/latex/hyperref/hyperref.sty
Package: hyperref 2018/11/30 v6.88e Hypertext links for LaTeX

(/usr/local/texlive/2019/texmf-dist/tex/generic/oberdiek/hobsub-hyperref.sty
Package: hobsub-hyperref 2016/05/16 v1.14 Bundle oberdiek, subset hyperref (HO)


(/usr/local/texlive/2019/texmf-dist/tex/generic/oberdiek/hobsub-generic.sty
Package: hobsub-generic 2016/05/16 v1.14 Bundle oberdiek, subset generic (HO)
Package: hobsub 2016/05/16 v1.14 Construct package bundles (HO)
Package: infwarerr 2016/05/16 v1.4 Providing info/warning/error messages (HO)
Package: ltxcmds 2016/05/16 v1.23 LaTeX kernel commands for general use (HO)
Package: ifluatex 2016/05/16 v1.4 Provides the ifluatex switch (HO)
Package ifluatex Info: LuaTeX not detected.
Package hobsub Info: Skipping package `ifvtex' (already loaded).
Package: intcalc 2016/05/16 v1.2 Expandable calculations with integers (HO)
Package hobsub Info: Skipping package `ifpdf' (already loaded).
Package: etexcmds 2016/05/16 v1.6 Avoid name clashes with e-TeX commands (HO)
Package: kvsetkeys 2016/05/16 v1.17 Key value parser (HO)
Package: kvdefinekeys 2016/05/16 v1.4 Define keys (HO)
Package: pdftexcmds 2018/09/10 v0.29 Utility functions of pdfTeX for LuaTeX (HO
)
Package pdftexcmds Info: LuaTeX not detected.
Package pdftexcmds Info: \pdf@primitive is available.
Package pdftexcmds Info: \pdf@ifprimitive is available.
Package pdftexcmds Info: \pdfdraftmode found.
Package: pdfescape 2016/05/16 v1.14 Implements pdfTeX's escape features (HO)
Package: bigintcalc 2016/05/16 v1.4 Expandable calculations on big integers (HO
)
Package: bitset 2016/05/16 v1.2 Handle bit-vector datatype (HO)
Package: uniquecounter 2016/05/16 v1.3 Provide unlimited unique counter (HO)
)
Package hobsub Info: Skipping package `hobsub' (already loaded).
Package: letltxmacro 2016/05/16 v1.5 Let assignment for LaTeX macros (HO)
Package: hopatch 2016/05/16 v1.3 Wrapper for package hooks (HO)
Package: xcolor-patch 2016/05/16 xcolor patch
Package: atveryend 2016/05/16 v1.9 Hooks at the very end of document (HO)
Package: atbegshi 2016/06/09 v1.18 At begin shipout hook (HO)
Package: refcount 2016/05/16 v3.5 Data extraction from label references (HO)
Package: hycolor 2016/05/16 v1.8 Color options for hyperref/bookmark (HO)
)
(/usr/local/texlive/2019/texmf-dist/tex/latex/oberdiek/auxhook.sty
Package: auxhook 2016/05/16 v1.4 Hooks for auxiliary files (HO)
)
(/usr/local/texlive/2019/texmf-dist/tex/latex/oberdiek/kvoptions.sty
Package: kvoptions 2016/05/16 v3.12 Key value format for package options (HO)
)
\@linkdim=\dimen259
\Hy@linkcounter=\count187
\Hy@pagecounter=\count188

(/usr/local/texlive/2019/texmf-dist/tex/latex/hyperref/pd1enc.def
File: pd1enc.def 2018/11/30 v6.88e Hyperref: PDFDocEncoding definition (HO)
Now handling font encoding PD1 ...
... no UTF-8 mapping file for font encoding PD1
)
\Hy@SavedSpaceFactor=\count189

(/usr/local/texlive/2019/texmf-dist/tex/latex/latexconfig/hyperref.cfg
File: hyperref.cfg 2002/06/06 v1.2 hyperref configuration of TeXLive
)
Package hyperref Info: Hyper figures OFF on input line 4519.
Package hyperref Info: Link nesting OFF on input line 4524.
Package hyperref Info: Hyper index ON on input line 4527.
Package hyperref Info: Plain pages OFF on input line 4534.
Package hyperref Info: Backreferencing OFF on input line 4539.
Package hyperref Info: Implicit mode ON; LaTeX internals redefined.
Package hyperref Info: Bookmarks ON on input line 4772.
\c@Hy@tempcnt=\count190

(/usr/local/texlive/2019/texmf-dist/tex/latex/url/url.sty
\Urlmuskip=\muskip11
Package: url 2013/09/16  ver 3.4  Verb mode for urls, etc.
)
LaTeX Info: Redefining \url on input line 5125.
\XeTeXLinkMargin=\dimen260
\Fld@menulength=\count191
\Field@Width=\dimen261
\Fld@charsize=\dimen262
Package hyperref Info: Hyper figures OFF on input line 6380.
Package hyperref Info: Link nesting OFF on input line 6385.
Package hyperref Info: Hyper index ON on input line 6388.
Package hyperref Info: backreferencing OFF on input line 6395.
Package hyperref Info: Link coloring OFF on input line 6400.
Package hyperref Info: Link coloring with OCG OFF on input line 6405.
Package hyperref Info: PDF/A mode OFF on input line 6410.
LaTeX Info: Redefining \ref on input line 6450.
LaTeX Info: Redefining \pageref on input line 6454.
\Hy@abspage=\count192
\c@Item=\count193
\c@Hfootnote=\count194
)
Package hyperref Info: Driver (autodetected): hpdftex.

(/usr/local/texlive/2019/texmf-dist/tex/latex/hyperref/hpdftex.def
File: hpdftex.def 2018/11/30 v6.88e Hyperref driver for pdfTeX
\Fld@listcount=\count195
\c@bookmark@seq@number=\count196

(/usr/local/texlive/2019/texmf-dist/tex/latex/oberdiek/rerunfilecheck.sty
Package: rerunfilecheck 2016/05/16 v1.8 Rerun checks for auxiliary files (HO)
Package uniquecounter Info: New unique counter `rerunfilecheck' on input line 2
82.
)
\Hy@SectionHShift=\skip71
)
(./thesis.aux (./title.aux) (./chapters/abstract.aux)
(./chapters/acknowledgements.aux) (./chapters/publications.aux)
(./chapters/chapter1.aux) (./chapters/chapter2.aux) (./chapters/chapter3.aux)
(./chapters/chapter4.aux))
\openout1 = `thesis.aux'.

LaTeX Font Info:    Checking defaults for OML/cmm/m/it on input line 53.
LaTeX Font Info:    ... okay on input line 53.
LaTeX Font Info:    Checking defaults for T1/cmr/m/n on input line 53.
LaTeX Font Info:    ... okay on input line 53.
LaTeX Font Info:    Checking defaults for OT1/cmr/m/n on input line 53.
LaTeX Font Info:    ... okay on input line 53.
LaTeX Font Info:    Checking defaults for OMS/cmsy/m/n on input line 53.
LaTeX Font Info:    ... okay on input line 53.
LaTeX Font Info:    Checking defaults for OMX/cmex/m/n on input line 53.
LaTeX Font Info:    ... okay on input line 53.
LaTeX Font Info:    Checking defaults for U/cmr/m/n on input line 53.
LaTeX Font Info:    ... okay on input line 53.
LaTeX Font Info:    Checking defaults for PD1/pdf/m/n on input line 53.
LaTeX Font Info:    ... okay on input line 53.

*geometry* driver: auto-detecting
*geometry* detected driver: pdftex
*geometry* verbose mode - [ preamble ] result:
* driver: pdftex
* paper: <default>
* layout: <same size as paper>
* layoutoffset:(h,v)=(0.0pt,0.0pt)
* modes: twoside 
* h-part:(L,W,R)=(108.12054pt, 435.04257pt, 71.13188pt)
* v-part:(T,H,B)=(95.39737pt, 556.47656pt, 143.09605pt)
* \paperwidth=614.295pt
* \paperheight=794.96999pt
* \textwidth=435.04257pt
* \textheight=556.47656pt
* \oddsidemargin=35.85056pt
* \evensidemargin=-1.1381pt
* \topmargin=-15.87262pt
* \headheight=14.0pt
* \headsep=25.0pt
* \topskip=12.0pt
* \footskip=30.0pt
* \marginparwidth=95.0pt
* \marginparsep=10.0pt
* \columnsep=10.0pt
* \skip\footins=10.8pt plus 4.0pt minus 2.0pt
* \hoffset=0.0pt
* \voffset=0.0pt
* \mag=1000
* \@twocolumnfalse
* \@twosidetrue
* \@mparswitchtrue
* \@reversemarginfalse
* (1in=72.27pt=25.4mm, 1cm=28.453pt)

(/usr/local/texlive/2019/texmf-dist/tex/latex/fmtcount/fc-english.def
File: fc-english.def 2016/01/12
)
ABD: EveryShipout initializing macros
(/usr/local/texlive/2019/texmf-dist/tex/context/base/mkii/supp-pdf.mkii
[Loading MPS to PDF converter (version 2006.09.02).]
\scratchcounter=\count197
\scratchdimen=\dimen263
\scratchbox=\box47
\nofMPsegments=\count198
\nofMParguments=\count199
\everyMPshowfont=\toks52
\MPscratchCnt=\count266
\MPscratchDim=\dimen264
\MPnumerator=\count267
\makeMPintoPDFobject=\count268
\everyMPtoPDFconversion=\toks53
) (/usr/local/texlive/2019/texmf-dist/tex/latex/oberdiek/epstopdf-base.sty
Package: epstopdf-base 2016/05/15 v2.6 Base part for package epstopdf

(/usr/local/texlive/2019/texmf-dist/tex/latex/oberdiek/grfext.sty
Package: grfext 2016/05/16 v1.2 Manage graphics extensions (HO)
)
Package epstopdf-base Info: Redefining graphics rule for `.eps' on input line 4
38.
Package grfext Info: Graphics extension search list:
(grfext)             [.pdf,.png,.jpg,.mps,.jpeg,.jbig2,.jb2,.PDF,.PNG,.JPG,.JPE
G,.JBIG2,.JB2,.eps]
(grfext)             \AppendGraphicsExtensions on input line 456.

(/usr/local/texlive/2019/texmf-dist/tex/latex/latexconfig/epstopdf-sys.cfg
File: epstopdf-sys.cfg 2010/07/13 v1.3 Configuration of (r)epstopdf for TeX Liv
e
))
Package caption Info: Begin \AtBeginDocument code.
Package caption Info: subfig package v1.3 is loaded.
Package caption Info: End \AtBeginDocument code.
\AtBeginShipoutBox=\box48
Package hyperref Info: Link coloring OFF on input line 53.

(/usr/local/texlive/2019/texmf-dist/tex/latex/hyperref/nameref.sty
Package: nameref 2016/05/21 v2.44 Cross-referencing by name of section

(/usr/local/texlive/2019/texmf-dist/tex/generic/oberdiek/gettitlestring.sty
Package: gettitlestring 2016/05/16 v1.5 Cleanup title references (HO)
)
\c@section@level=\count269
)
LaTeX Info: Redefining \ref on input line 53.
LaTeX Info: Redefining \pageref on input line 53.
LaTeX Info: Redefining \nameref on input line 53.

(./thesis.out) (./thesis.out)
\@outlinefile=\write4
\openout4 = `thesis.out'.

\openout2 = `title.aux'.

 (./title.tex
<./figures/UoL_Logo.jpg, id=122, 2370.8575pt x 605.26125pt>
File: ./figures/UoL_Logo.jpg Graphic file (type jpg)
<use ./figures/UoL_Logo.jpg>
Package pdftex.def Info: ./figures/UoL_Logo.jpg  used on input line 4.
(pdftex.def)             Requested size: 184.9429pt x 47.21202pt.
 [1


{/usr/local/texlive/2019/texmf-var/fonts/map/pdftex/updmap/pdftex.map} <./figur
es/UoL_Logo.jpg>]) [2


]
\openout2 = `./chapters/abstract.aux'.


(./chapters/abstract.tex) [1


] [2


]
\openout2 = `./chapters/acknowledgements.aux'.

 (./chapters/acknowledgements.tex) [3


]
[4


]
\openout2 = `./chapters/publications.aux'.

 (./chapters/publications.tex [5


]
Overfull \hbox (4.51228pt too wide) in paragraph at lines 11--12
[]\OT1/cmr/m/n/12 Runwei Guan, KaLok Man, Liye Jia, \OT1/cmr/bx/n/12 Yuanyuan Z
hang\OT1/cmr/m/n/12 , Shan-liang Yao, EngGee
 []


Overfull \hbox (4.37373pt too wide) in paragraph at lines 11--12
\OT1/cmr/m/n/12 Lim, Jeremy Smith, Yu-tao Yue, "Traf-fic Ac-ci-dent Scene Recog
-ni-tion with FMCW
 []

) [6] (./thesis.toc
LaTeX Font Info:    Try loading font information for U+msa on input line 9.

(/usr/local/texlive/2019/texmf-dist/tex/latex/amsfonts/umsa.fd
File: umsa.fd 2013/01/14 v3.01 AMS symbols A
)
LaTeX Font Info:    Try loading font information for U+msb on input line 9.

(/usr/local/texlive/2019/texmf-dist/tex/latex/amsfonts/umsb.fd
File: umsb.fd 2013/01/14 v3.01 AMS symbols B
) [7



])
\tf@toc=\write5
\openout5 = `thesis.toc'.

 [8]
(./thesis.lof
Underfull \vbox (badness 10000) has occurred while \output is active []

 [9


])
\tf@lof=\write6
\openout6 = `thesis.lof'.


[10] (./thesis.lot)
\tf@lot=\write7
\openout7 = `thesis.lot'.

 [11


] [12


]
\openout2 = `./chapters/chapter1.aux'.

 (./chapters/chapter1.tex
Chapter 1.
)pdfTeX warning (ext4): destination with the same identifier (name{page.1}) has
 been already used, duplicate ignored
<to be read again> 
                   \relax 
l.121 \include{./chapters/chapter1}
                                    [1


]
\openout2 = `./chapters/chapter2.aux'.

 (./chapters/chapter2.tex
Chapter 2.
)pdfTeX warning (ext4): destination with the same identifier (name{page.2}) has
 been already used, duplicate ignored
<to be read again> 
                   \relax 
l.122 \include{./chapters/chapter2}
                                    [2



]
Underfull \vbox (badness 1888) has occurred while \output is active []



Package Fancyhdr Warning: \headheight is too small (14.0pt): 
Make it at least 14.49998pt.
We now make it that large for the rest of the document.
This may cause the page layout to be inconsistent, however.

[3

]
LaTeX Font Info:    Try loading font information for OMS+cmr on input line 132.

 (/usr/local/texlive/2019/texmf-dist/tex/latex/base/omscmr.fd
File: omscmr.fd 2014/09/29 v2.5h Standard LaTeX font definitions
)
LaTeX Font Info:    Font shape `OMS/cmr/m/n' in size <12> not available
(Font)              Font shape `OMS/cmsy/m/n' tried instead on input line 132.
 [4]
Overfull \hbox (3.38223pt too wide) in paragraph at lines 140--141
[]\OT1/cmr/m/n/12 A cardio-focusing and -tracking (CFT) al-go-rithm is pro-pose
d based on derivative-
 []

[5] [6]
Package epstopdf Info: Source file: <./figures/radar_good.eps>
(epstopdf)                    date: 2025-03-28 14:10:32
(epstopdf)                    size: 53281 bytes
(epstopdf)             Output file: <./figures/radar_good-eps-converted-to.pdf>

(epstopdf)                    date: 2025-03-28 14:11:05
(epstopdf)                    size: 26819 bytes
(epstopdf)             Command: <repstopdf --outfile=./figures/radar_good-eps-c
onverted-to.pdf ./figures/radar_good.eps>
(epstopdf)             \includegraphics on input line 175.
Package epstopdf Info: Output file is already uptodate.
<./figures/radar_good-eps-converted-to.pdf, id=392, 541.02126pt x 331.2375pt>
File: ./figures/radar_good-eps-converted-to.pdf Graphic file (type pdf)
<use ./figures/radar_good-eps-converted-to.pdf>
Package pdftex.def Info: ./figures/radar_good-eps-converted-to.pdf  used on inp
ut line 175.
(pdftex.def)             Requested size: 108.76064pt x 66.58496pt.
Package epstopdf Info: Source file: <./figures/radar_bad.eps>
(epstopdf)                    date: 2025-03-28 14:10:47
(epstopdf)                    size: 53133 bytes
(epstopdf)             Output file: <./figures/radar_bad-eps-converted-to.pdf>
(epstopdf)                    date: 2025-03-28 14:11:05
(epstopdf)                    size: 26609 bytes
(epstopdf)             Command: <repstopdf --outfile=./figures/radar_bad-eps-co
nverted-to.pdf ./figures/radar_bad.eps>
(epstopdf)             \includegraphics on input line 176.
Package epstopdf Info: Output file is already uptodate.
<./figures/radar_bad-eps-converted-to.pdf, id=393, 541.02126pt x 331.2375pt>
File: ./figures/radar_bad-eps-converted-to.pdf Graphic file (type pdf)
<use ./figures/radar_bad-eps-converted-to.pdf>
Package pdftex.def Info: ./figures/radar_bad-eps-converted-to.pdf  used on inpu
t line 176.
(pdftex.def)             Requested size: 108.76064pt x 66.58496pt.
Package epstopdf Info: Source file: <./figures/org_scen.eps>
(epstopdf)                    date: 2025-04-23 14:27:53
(epstopdf)                    size: 46297 bytes
(epstopdf)             Output file: <./figures/org_scen-eps-converted-to.pdf>
(epstopdf)                    date: 2025-04-23 14:29:04
(epstopdf)                    size: 23811 bytes
(epstopdf)             Command: <repstopdf --outfile=./figures/org_scen-eps-con
verted-to.pdf ./figures/org_scen.eps>
(epstopdf)             \includegraphics on input line 177.
Package epstopdf Info: Output file is already uptodate.
<./figures/org_scen-eps-converted-to.pdf, id=394, 541.02126pt x 331.2375pt>
File: ./figures/org_scen-eps-converted-to.pdf Graphic file (type pdf)
<use ./figures/org_scen-eps-converted-to.pdf>
Package pdftex.def Info: ./figures/org_scen-eps-converted-to.pdf  used on input
 line 177.
(pdftex.def)             Requested size: 108.76064pt x 66.58496pt.
Package epstopdf Info: Source file: <./figures/cardi_good.eps>
(epstopdf)                    date: 2025-03-28 14:04:11
(epstopdf)                    size: 48527 bytes
(epstopdf)             Output file: <./figures/cardi_good-eps-converted-to.pdf>

(epstopdf)                    date: 2025-03-28 14:04:45
(epstopdf)                    size: 24102 bytes
(epstopdf)             Command: <repstopdf --outfile=./figures/cardi_good-eps-c
onverted-to.pdf ./figures/cardi_good.eps>
(epstopdf)             \includegraphics on input line 178.
Package epstopdf Info: Output file is already uptodate.
<./figures/cardi_good-eps-converted-to.pdf, id=395, 541.02126pt x 331.2375pt>
File: ./figures/cardi_good-eps-converted-to.pdf Graphic file (type pdf)
<use ./figures/cardi_good-eps-converted-to.pdf>
Package pdftex.def Info: ./figures/cardi_good-eps-converted-to.pdf  used on inp
ut line 178.
(pdftex.def)             Requested size: 108.76064pt x 66.58496pt.

Underfull \vbox (badness 10000) has occurred while \output is active []

 [7 <./figures/radar_good-eps-converted-to.pdf> <./figures/radar_bad-eps-conver
ted-to.pdf> <./figures/org_scen-eps-converted-to.pdf> <./figures/cardi_good-eps
-converted-to.pdf>] [8]
<./figures/CF_Cardi_struct.pdf, id=583, 931.48pt x 485.815pt>
File: ./figures/CF_Cardi_struct.pdf Graphic file (type pdf)
<use ./figures/CF_Cardi_struct.pdf>
Package pdftex.def Info: ./figures/CF_Cardi_struct.pdf  used on input line 203.

(pdftex.def)             Requested size: 391.53564pt x 204.204pt.
 [9 <./figures/CF_Cardi_struct.pdf>] [10]
<./figures/rough_loc.pdf, id=957, 365.365pt x 355.3275pt>
File: ./figures/rough_loc.pdf Graphic file (type pdf)
<use ./figures/rough_loc.pdf>
Package pdftex.def Info: ./figures/rough_loc.pdf  used on input line 232.
(pdftex.def)             Requested size: 217.52129pt x 211.54446pt.

Underfull \vbox (badness 10000) has occurred while \output is active []

 [11 <./figures/rough_loc.pdf>]
Package epstopdf Info: Source file: <./figures/target_org.eps>
(epstopdf)                    date: 2025-03-30 20:04:15
(epstopdf)                    size: 40693 bytes
(epstopdf)             Output file: <./figures/target_org-eps-converted-to.pdf>

(epstopdf)                    date: 2025-03-30 20:08:38
(epstopdf)                    size: 21712 bytes
(epstopdf)             Command: <repstopdf --outfile=./figures/target_org-eps-c
onverted-to.pdf ./figures/target_org.eps>
(epstopdf)             \includegraphics on input line 249.
Package epstopdf Info: Output file is already uptodate.
<./figures/target_org-eps-converted-to.pdf, id=1003, 541.02126pt x 301.125pt>
File: ./figures/target_org-eps-converted-to.pdf Graphic file (type pdf)
<use ./figures/target_org-eps-converted-to.pdf>
Package pdftex.def Info: ./figures/target_org-eps-converted-to.pdf  used on inp
ut line 249.
(pdftex.def)             Requested size: 108.76064pt x 60.53177pt.
Package epstopdf Info: Source file: <./figures/target_sig.eps>
(epstopdf)                    date: 2025-03-30 20:54:54
(epstopdf)                    size: 46583 bytes
(epstopdf)             Output file: <./figures/target_sig-eps-converted-to.pdf>

(epstopdf)                    date: 2025-03-30 20:57:03
(epstopdf)                    size: 25369 bytes
(epstopdf)             Command: <repstopdf --outfile=./figures/target_sig-eps-c
onverted-to.pdf ./figures/target_sig.eps>
(epstopdf)             \includegraphics on input line 250.
Package epstopdf Info: Output file is already uptodate.
<./figures/target_sig-eps-converted-to.pdf, id=1004, 541.02126pt x 301.125pt>
File: ./figures/target_sig-eps-converted-to.pdf Graphic file (type pdf)
<use ./figures/target_sig-eps-converted-to.pdf>
Package pdftex.def Info: ./figures/target_sig-eps-converted-to.pdf  used on inp
ut line 250.
(pdftex.def)             Requested size: 108.76064pt x 60.53177pt.
Package epstopdf Info: Source file: <./figures/target_org_bad.eps>
(epstopdf)                    date: 2025-03-30 21:16:05
(epstopdf)                    size: 41342 bytes
(epstopdf)             Output file: <./figures/target_org_bad-eps-converted-to.
pdf>
(epstopdf)                    date: 2025-03-30 21:16:25
(epstopdf)                    size: 22366 bytes
(epstopdf)             Command: <repstopdf --outfile=./figures/target_org_bad-e
ps-converted-to.pdf ./figures/target_org_bad.eps>
(epstopdf)             \includegraphics on input line 251.
Package epstopdf Info: Output file is already uptodate.
<./figures/target_org_bad-eps-converted-to.pdf, id=1005, 541.02126pt x 301.125p
t>
File: ./figures/target_org_bad-eps-converted-to.pdf Graphic file (type pdf)
<use ./figures/target_org_bad-eps-converted-to.pdf>
Package pdftex.def Info: ./figures/target_org_bad-eps-converted-to.pdf  used on
 input line 251.
(pdftex.def)             Requested size: 108.76064pt x 60.53177pt.
Package epstopdf Info: Source file: <./figures/target_sig_bad.eps>
(epstopdf)                    date: 2025-03-30 21:12:33
(epstopdf)                    size: 43941 bytes
(epstopdf)             Output file: <./figures/target_sig_bad-eps-converted-to.
pdf>
(epstopdf)                    date: 2025-03-30 21:13:48
(epstopdf)                    size: 24620 bytes
(epstopdf)             Command: <repstopdf --outfile=./figures/target_sig_bad-e
ps-converted-to.pdf ./figures/target_sig_bad.eps>
(epstopdf)             \includegraphics on input line 252.
Package epstopdf Info: Output file is already uptodate.
<./figures/target_sig_bad-eps-converted-to.pdf, id=1006, 541.02126pt x 301.125p
t>
File: ./figures/target_sig_bad-eps-converted-to.pdf Graphic file (type pdf)
<use ./figures/target_sig_bad-eps-converted-to.pdf>
Package pdftex.def Info: ./figures/target_sig_bad-eps-converted-to.pdf  used on
 input line 252.
(pdftex.def)             Requested size: 108.76064pt x 60.53177pt.

Underfull \vbox (badness 10000) has occurred while \output is active []

 [12 <./figures/target_org-eps-converted-to.pdf> <./figures/target_sig-eps-conv
erted-to.pdf> <./figures/target_org_bad-eps-converted-to.pdf> <./figures/target
_sig_bad-eps-converted-to.pdf>]
<./figures/cft_1.pdf, id=1200, 208.78pt x 204.765pt>
File: ./figures/cft_1.pdf Graphic file (type pdf)
<use ./figures/cft_1.pdf>
Package pdftex.def Info: ./figures/cft_1.pdf  used on input line 274.
(pdftex.def)             Requested size: 87.00717pt x 85.33519pt.
<./figures/cft_2.pdf, id=1201, 201.75375pt x 201.75375pt>
File: ./figures/cft_2.pdf Graphic file (type pdf)
<use ./figures/cft_2.pdf>
Package pdftex.def Info: ./figures/cft_2.pdf  used on input line 275.
(pdftex.def)             Requested size: 87.00717pt x 87.00793pt.
<./figures/cft_3.pdf, id=1202, 486.81876pt x 464.73625pt>
File: ./figures/cft_3.pdf Graphic file (type pdf)
<use ./figures/cft_3.pdf>
Package pdftex.def Info: ./figures/cft_3.pdf  used on input line 276.
(pdftex.def)             Requested size: 152.26755pt x 145.35736pt.
 [13] [14 <./figures/cft_1.pdf> <./figures/cft_2.pdf> <./figures/cft_3.pdf>]
Package hyperref Info: bookmark level for unknown algorithm defaults to 0 on in
put line 302.

Underfull \vbox (badness 1735) has occurred while \output is active []

 [15]
[16]
Underfull \vbox (badness 10000) has occurred while \output is active []

 [17]
<./figures/scen_1.pdf, id=1321, 813.0375pt x 316.18124pt>
File: ./figures/scen_1.pdf Graphic file (type pdf)
<use ./figures/scen_1.pdf>
Package pdftex.def Info: ./figures/scen_1.pdf  used on input line 364.
(pdftex.def)             Requested size: 261.0282pt x 101.50812pt.

Underfull \vbox (badness 10000) has occurred while \output is active []

 [18 <./figures/scen_1.pdf>] [19]
Overfull \hbox (24.54866pt too wide) in paragraph at lines 407--408
 [][] 
 []


Overfull \hbox (10.95143pt too wide) in paragraph at lines 409--410
 [][] 
 []

Package epstopdf Info: Source file: <./figures/bf_good.eps>
(epstopdf)                    date: 2025-04-07 14:23:57
(epstopdf)                    size: 48090 bytes
(epstopdf)             Output file: <./figures/bf_good-eps-converted-to.pdf>
(epstopdf)                    date: 2025-04-07 15:41:46
(epstopdf)                    size: 22813 bytes
(epstopdf)             Command: <repstopdf --outfile=./figures/bf_good-eps-conv
erted-to.pdf ./figures/bf_good.eps>
(epstopdf)             \includegraphics on input line 411.
Package epstopdf Info: Output file is already uptodate.
<./figures/bf_good-eps-converted-to.pdf, id=1345, 541.02126pt x 301.125pt>
File: ./figures/bf_good-eps-converted-to.pdf Graphic file (type pdf)
<use ./figures/bf_good-eps-converted-to.pdf>
Package pdftex.def Info: ./figures/bf_good-eps-converted-to.pdf  used on input 
line 411.
(pdftex.def)             Requested size: 117.46188pt x 65.37468pt.
Package epstopdf Info: Source file: <./figures/mmecg_good.eps>
(epstopdf)                    date: 2025-04-06 16:26:39
(epstopdf)                    size: 47469 bytes
(epstopdf)             Output file: <./figures/mmecg_good-eps-converted-to.pdf>

(epstopdf)                    date: 2025-04-06 16:27:45
(epstopdf)                    size: 22519 bytes
(epstopdf)             Command: <repstopdf --outfile=./figures/mmecg_good-eps-c
onverted-to.pdf ./figures/mmecg_good.eps>
(epstopdf)             \includegraphics on input line 412.
Package epstopdf Info: Output file is already uptodate.
<./figures/mmecg_good-eps-converted-to.pdf, id=1346, 541.02126pt x 301.125pt>
File: ./figures/mmecg_good-eps-converted-to.pdf Graphic file (type pdf)
<use ./figures/mmecg_good-eps-converted-to.pdf>
Package pdftex.def Info: ./figures/mmecg_good-eps-converted-to.pdf  used on inp
ut line 412.
(pdftex.def)             Requested size: 117.46188pt x 65.37468pt.
Package epstopdf Info: Source file: <./figures/devimo_good.eps>
(epstopdf)                    date: 2025-04-06 16:27:02
(epstopdf)                    size: 49849 bytes
(epstopdf)             Output file: <./figures/devimo_good-eps-converted-to.pdf
>
(epstopdf)                    date: 2025-04-06 16:27:46
(epstopdf)                    size: 24375 bytes
(epstopdf)             Command: <repstopdf --outfile=./figures/devimo_good-eps-
converted-to.pdf ./figures/devimo_good.eps>
(epstopdf)             \includegraphics on input line 413.
Package epstopdf Info: Output file is already uptodate.
<./figures/devimo_good-eps-converted-to.pdf, id=1347, 541.02126pt x 301.125pt>
File: ./figures/devimo_good-eps-converted-to.pdf Graphic file (type pdf)
<use ./figures/devimo_good-eps-converted-to.pdf>
Package pdftex.def Info: ./figures/devimo_good-eps-converted-to.pdf  used on in
put line 413.
(pdftex.def)             Requested size: 117.46188pt x 65.37468pt.

Overfull \hbox (24.54866pt too wide) in paragraph at lines 416--417
 [][] 
 []


Overfull \hbox (10.95143pt too wide) in paragraph at lines 418--419
 [][] 
 []

Package epstopdf Info: Source file: <./figures/bf_bad.eps>
(epstopdf)                    date: 2025-04-06 18:59:45
(epstopdf)                    size: 47723 bytes
(epstopdf)             Output file: <./figures/bf_bad-eps-converted-to.pdf>
(epstopdf)                    date: 2025-04-06 19:00:13
(epstopdf)                    size: 22580 bytes
(epstopdf)             Command: <repstopdf --outfile=./figures/bf_bad-eps-conve
rted-to.pdf ./figures/bf_bad.eps>
(epstopdf)             \includegraphics on input line 420.
Package epstopdf Info: Output file is already uptodate.
<./figures/bf_bad-eps-converted-to.pdf, id=1348, 541.02126pt x 301.125pt>
File: ./figures/bf_bad-eps-converted-to.pdf Graphic file (type pdf)
<use ./figures/bf_bad-eps-converted-to.pdf>
Package pdftex.def Info: ./figures/bf_bad-eps-converted-to.pdf  used on input l
ine 420.
(pdftex.def)             Requested size: 117.46188pt x 65.37468pt.
Package epstopdf Info: Source file: <./figures/mmecg_bad.eps>
(epstopdf)                    date: 2025-04-06 16:19:50
(epstopdf)                    size: 48386 bytes
(epstopdf)             Output file: <./figures/mmecg_bad-eps-converted-to.pdf>
(epstopdf)                    date: 2025-04-06 16:27:47
(epstopdf)                    size: 22532 bytes
(epstopdf)             Command: <repstopdf --outfile=./figures/mmecg_bad-eps-co
nverted-to.pdf ./figures/mmecg_bad.eps>
(epstopdf)             \includegraphics on input line 421.
Package epstopdf Info: Output file is already uptodate.
<./figures/mmecg_bad-eps-converted-to.pdf, id=1349, 541.02126pt x 301.125pt>
File: ./figures/mmecg_bad-eps-converted-to.pdf Graphic file (type pdf)
<use ./figures/mmecg_bad-eps-converted-to.pdf>
Package pdftex.def Info: ./figures/mmecg_bad-eps-converted-to.pdf  used on inpu
t line 421.
(pdftex.def)             Requested size: 117.46188pt x 65.37468pt.
Package epstopdf Info: Source file: <./figures/devimo_bad.eps>
(epstopdf)                    date: 2025-04-06 16:19:58
(epstopdf)                    size: 48877 bytes
(epstopdf)             Output file: <./figures/devimo_bad-eps-converted-to.pdf>

(epstopdf)                    date: 2025-04-06 16:27:48
(epstopdf)                    size: 23685 bytes
(epstopdf)             Command: <repstopdf --outfile=./figures/devimo_bad-eps-c
onverted-to.pdf ./figures/devimo_bad.eps>
(epstopdf)             \includegraphics on input line 422.
Package epstopdf Info: Output file is already uptodate.
<./figures/devimo_bad-eps-converted-to.pdf, id=1350, 541.02126pt x 301.125pt>
File: ./figures/devimo_bad-eps-converted-to.pdf Graphic file (type pdf)
<use ./figures/devimo_bad-eps-converted-to.pdf>
Package pdftex.def Info: ./figures/devimo_bad-eps-converted-to.pdf  used on inp
ut line 422.
(pdftex.def)             Requested size: 117.46188pt x 65.37468pt.

Underfull \vbox (badness 10000) has occurred while \output is active []

 [20 <./figures/bf_good-eps-converted-to.pdf> <./figures/mmecg_good-eps-convert
ed-to.pdf> <./figures/devimo_good-eps-converted-to.pdf> <./figures/bf_bad-eps-c
onverted-to.pdf> <./figures/mmecg_bad-eps-converted-to.pdf> <./figures/devimo_b
ad-eps-converted-to.pdf>] [21]
Package epstopdf Info: Source file: <./figures/pk_err_point.eps>
(epstopdf)                    date: 2025-04-07 14:20:40
(epstopdf)                    size: 35529 bytes
(epstopdf)             Output file: <./figures/pk_err_point-eps-converted-to.pd
f>
(epstopdf)                    date: 2025-04-07 14:20:51
(epstopdf)                    size: 52064 bytes
(epstopdf)             Command: <repstopdf --outfile=./figures/pk_err_point-eps
-converted-to.pdf ./figures/pk_err_point.eps>
(epstopdf)             \includegraphics on input line 448.
Package epstopdf Info: Output file is already uptodate.
<./figures/pk_err_point-eps-converted-to.pdf, id=1589, 437.635pt x 297.11pt>
File: ./figures/pk_err_point-eps-converted-to.pdf Graphic file (type pdf)
<use ./figures/pk_err_point-eps-converted-to.pdf>
Package pdftex.def Info: ./figures/pk_err_point-eps-converted-to.pdf  used on i
nput line 448.
(pdftex.def)             Requested size: 174.01436pt x 118.13919pt.
Package epstopdf Info: Source file: <./figures/pk_mdr_point.eps>
(epstopdf)                    date: 2025-04-07 14:21:45
(epstopdf)                    size: 32348 bytes
(epstopdf)             Output file: <./figures/pk_mdr_point-eps-converted-to.pd
f>
(epstopdf)                    date: 2025-04-07 14:21:54
(epstopdf)                    size: 50203 bytes
(epstopdf)             Command: <repstopdf --outfile=./figures/pk_mdr_point-eps
-converted-to.pdf ./figures/pk_mdr_point.eps>
(epstopdf)             \includegraphics on input line 449.
Package epstopdf Info: Output file is already uptodate.
<./figures/pk_mdr_point-eps-converted-to.pdf, id=1590, 417.56pt x 297.11pt>
File: ./figures/pk_mdr_point-eps-converted-to.pdf Graphic file (type pdf)
<use ./figures/pk_mdr_point-eps-converted-to.pdf>
Package pdftex.def Info: ./figures/pk_mdr_point-eps-converted-to.pdf  used on i
nput line 449.
(pdftex.def)             Requested size: 169.66634pt x 120.7233pt.
Package epstopdf Info: Source file: <./figures/pk_err_cdf.eps>
(epstopdf)                    date: 2025-04-07 14:07:58
(epstopdf)                    size: 31648 bytes
(epstopdf)             Output file: <./figures/pk_err_cdf-eps-converted-to.pdf>

(epstopdf)                    date: 2025-04-07 14:12:18
(epstopdf)                    size: 19074 bytes
(epstopdf)             Command: <repstopdf --outfile=./figures/pk_err_cdf-eps-c
onverted-to.pdf ./figures/pk_err_cdf.eps>
(epstopdf)             \includegraphics on input line 450.
Package epstopdf Info: Output file is already uptodate.
<./figures/pk_err_cdf-eps-converted-to.pdf, id=1591, 295.1025pt x 283.0575pt>
File: ./figures/pk_err_cdf-eps-converted-to.pdf Graphic file (type pdf)
<use ./figures/pk_err_cdf-eps-converted-to.pdf>
Package pdftex.def Info: ./figures/pk_err_cdf-eps-converted-to.pdf  used on inp
ut line 450.
(pdftex.def)             Requested size: 174.01436pt x 166.91608pt.
Package epstopdf Info: Source file: <./figures/pk_mdr_cdf.eps>
(epstopdf)                    date: 2025-04-07 14:19:00
(epstopdf)                    size: 28106 bytes
(epstopdf)             Output file: <./figures/pk_mdr_cdf-eps-converted-to.pdf>

(epstopdf)                    date: 2025-04-07 15:41:46
(epstopdf)                    size: 16750 bytes
(epstopdf)             Command: <repstopdf --outfile=./figures/pk_mdr_cdf-eps-c
onverted-to.pdf ./figures/pk_mdr_cdf.eps>
(epstopdf)             \includegraphics on input line 451.
Package epstopdf Info: Output file is already uptodate.
<./figures/pk_mdr_cdf-eps-converted-to.pdf, id=1592, 295.1025pt x 283.0575pt>
File: ./figures/pk_mdr_cdf-eps-converted-to.pdf Graphic file (type pdf)
<use ./figures/pk_mdr_cdf-eps-converted-to.pdf>
Package pdftex.def Info: ./figures/pk_mdr_cdf-eps-converted-to.pdf  used on inp
ut line 451.
(pdftex.def)             Requested size: 174.01436pt x 166.91608pt.
 [22] [23 <./figures/pk_err_point-eps-converted-to.pdf> <./figures/pk_mdr_point
-eps-converted-to.pdf> <./figures/pk_err_cdf-eps-converted-to.pdf> <./figures/p
k_mdr_cdf-eps-converted-to.pdf>]
Package epstopdf Info: Source file: <./figures/radar_clean.eps>
(epstopdf)                    date: 2025-04-08 17:05:15
(epstopdf)                    size: 45515 bytes
(epstopdf)             Output file: <./figures/radar_clean-eps-converted-to.pdf
>
(epstopdf)                    date: 2025-04-08 17:06:24
(epstopdf)                    size: 25999 bytes
(epstopdf)             Command: <repstopdf --outfile=./figures/radar_clean-eps-
converted-to.pdf ./figures/radar_clean.eps>
(epstopdf)             \includegraphics on input line 485.
Package epstopdf Info: Output file is already uptodate.
<./figures/radar_clean-eps-converted-to.pdf, id=1780, 541.02126pt x 331.2375pt>

File: ./figures/radar_clean-eps-converted-to.pdf Graphic file (type pdf)
<use ./figures/radar_clean-eps-converted-to.pdf>
Package pdftex.def Info: ./figures/radar_clean-eps-converted-to.pdf  used on in
put line 485.
(pdftex.def)             Requested size: 108.76064pt x 66.58496pt.
Package epstopdf Info: Source file: <./figures/ecg_pred_clean.eps>
(epstopdf)                    date: 2025-04-22 16:43:21
(epstopdf)                    size: 57293 bytes
(epstopdf)             Output file: <./figures/ecg_pred_clean-eps-converted-to.
pdf>
(epstopdf)                    date: 2025-04-22 16:45:54
(epstopdf)                    size: 30538 bytes
(epstopdf)             Command: <repstopdf --outfile=./figures/ecg_pred_clean-e
ps-converted-to.pdf ./figures/ecg_pred_clean.eps>
(epstopdf)             \includegraphics on input line 486.
Package epstopdf Info: Output file is already uptodate.
<./figures/ecg_pred_clean-eps-converted-to.pdf, id=1781, 541.02126pt x 331.2375
pt>
File: ./figures/ecg_pred_clean-eps-converted-to.pdf Graphic file (type pdf)
<use ./figures/ecg_pred_clean-eps-converted-to.pdf>
Package pdftex.def Info: ./figures/ecg_pred_clean-eps-converted-to.pdf  used on
 input line 486.
(pdftex.def)             Requested size: 108.76064pt x 66.58496pt.
Package epstopdf Info: Source file: <./figures/radar_noise.eps>
(epstopdf)                    date: 2025-04-22 16:42:08
(epstopdf)                    size: 47928 bytes
(epstopdf)             Output file: <./figures/radar_noise-eps-converted-to.pdf
>
(epstopdf)                    date: 2025-04-22 16:45:54
(epstopdf)                    size: 27044 bytes
(epstopdf)             Command: <repstopdf --outfile=./figures/radar_noise-eps-
converted-to.pdf ./figures/radar_noise.eps>
(epstopdf)             \includegraphics on input line 487.
Package epstopdf Info: Output file is already uptodate.
<./figures/radar_noise-eps-converted-to.pdf, id=1782, 541.02126pt x 331.2375pt>

File: ./figures/radar_noise-eps-converted-to.pdf Graphic file (type pdf)
<use ./figures/radar_noise-eps-converted-to.pdf>
Package pdftex.def Info: ./figures/radar_noise-eps-converted-to.pdf  used on in
put line 487.
(pdftex.def)             Requested size: 108.76064pt x 66.58496pt.
Package epstopdf Info: Source file: <./figures/ecg_pred_noise.eps>
(epstopdf)                    date: 2025-04-22 16:42:29
(epstopdf)                    size: 57926 bytes
(epstopdf)             Output file: <./figures/ecg_pred_noise-eps-converted-to.
pdf>
(epstopdf)                    date: 2025-04-22 16:45:55
(epstopdf)                    size: 30189 bytes
(epstopdf)             Command: <repstopdf --outfile=./figures/ecg_pred_noise-e
ps-converted-to.pdf ./figures/ecg_pred_noise.eps>
(epstopdf)             \includegraphics on input line 488.
Package epstopdf Info: Output file is already uptodate.
<./figures/ecg_pred_noise-eps-converted-to.pdf, id=1783, 541.02126pt x 331.2375
pt>
File: ./figures/ecg_pred_noise-eps-converted-to.pdf Graphic file (type pdf)
<use ./figures/ecg_pred_noise-eps-converted-to.pdf>
Package pdftex.def Info: ./figures/ecg_pred_noise-eps-converted-to.pdf  used on
 input line 488.
(pdftex.def)             Requested size: 108.76064pt x 66.58496pt.
Package epstopdf Info: Source file: <./figures/ssr_bad.eps>
(epstopdf)                    date: 2025-04-22 16:44:04
(epstopdf)                    size: 53504 bytes
(epstopdf)             Output file: <./figures/ssr_bad-eps-converted-to.pdf>
(epstopdf)                    date: 2025-04-22 16:45:55
(epstopdf)                    size: 30137 bytes
(epstopdf)             Command: <repstopdf --outfile=./figures/ssr_bad-eps-conv
erted-to.pdf ./figures/ssr_bad.eps>
(epstopdf)             \includegraphics on input line 515.
Package epstopdf Info: Output file is already uptodate.
<./figures/ssr_bad-eps-converted-to.pdf, id=1784, 541.02126pt x 331.2375pt>
File: ./figures/ssr_bad-eps-converted-to.pdf Graphic file (type pdf)
<use ./figures/ssr_bad-eps-converted-to.pdf>
Package pdftex.def Info: ./figures/ssr_bad-eps-converted-to.pdf  used on input 
line 515.
(pdftex.def)             Requested size: 174.01436pt x 106.53896pt.
Package epstopdf Info: Source file: <./figures/ssr_good.eps>
(epstopdf)                    date: 2025-04-22 16:43:58
(epstopdf)                    size: 43537 bytes
(epstopdf)             Output file: <./figures/ssr_good-eps-converted-to.pdf>
(epstopdf)                    date: 2025-04-22 16:45:55
(epstopdf)                    size: 27112 bytes
(epstopdf)             Command: <repstopdf --outfile=./figures/ssr_good-eps-con
verted-to.pdf ./figures/ssr_good.eps>
(epstopdf)             \includegraphics on input line 516.
Package epstopdf Info: Output file is already uptodate.
<./figures/ssr_good-eps-converted-to.pdf, id=1785, 541.02126pt x 331.2375pt>
File: ./figures/ssr_good-eps-converted-to.pdf Graphic file (type pdf)
<use ./figures/ssr_good-eps-converted-to.pdf>
Package pdftex.def Info: ./figures/ssr_good-eps-converted-to.pdf  used on input
 line 516.
(pdftex.def)             Requested size: 174.01436pt x 106.53896pt.

Underfull \vbox (badness 5681) has occurred while \output is active []

 [24]
[25 <./figures/radar_clean-eps-converted-to.pdf> <./figures/ecg_pred_clean-eps-
converted-to.pdf> <./figures/radar_noise-eps-converted-to.pdf> <./figures/ecg_p
red_noise-eps-converted-to.pdf>] [26 <./figures/ssr_bad-eps-converted-to.pdf> <
./figures/ssr_good-eps-converted-to.pdf>]
Overfull \hbox (238.01474pt too wide) in paragraph at lines 541--560
 [][][] 
 []

Package epstopdf Info: Source file: <./figures/fs_bad.eps>
(epstopdf)                    date: 2025-04-22 16:45:02
(epstopdf)                    size: 59601 bytes
(epstopdf)             Output file: <./figures/fs_bad-eps-converted-to.pdf>
(epstopdf)                    date: 2025-04-22 16:45:56
(epstopdf)                    size: 30852 bytes
(epstopdf)             Command: <repstopdf --outfile=./figures/fs_bad-eps-conve
rted-to.pdf ./figures/fs_bad.eps>
(epstopdf)             \includegraphics on input line 564.
Package epstopdf Info: Output file is already uptodate.
<./figures/fs_bad-eps-converted-to.pdf, id=2140, 541.02126pt x 331.2375pt>
File: ./figures/fs_bad-eps-converted-to.pdf Graphic file (type pdf)
<use ./figures/fs_bad-eps-converted-to.pdf>
Package pdftex.def Info: ./figures/fs_bad-eps-converted-to.pdf  used on input l
ine 564.
(pdftex.def)             Requested size: 130.5141pt x 79.90295pt.
Package epstopdf Info: Source file: <./figures/fs_good.eps>
(epstopdf)                    date: 2025-04-22 16:44:50
(epstopdf)                    size: 59238 bytes
(epstopdf)             Output file: <./figures/fs_good-eps-converted-to.pdf>
(epstopdf)                    date: 2025-04-22 16:45:56
(epstopdf)                    size: 30460 bytes
(epstopdf)             Command: <repstopdf --outfile=./figures/fs_good-eps-conv
erted-to.pdf ./figures/fs_good.eps>
(epstopdf)             \includegraphics on input line 565.
Package epstopdf Info: Output file is already uptodate.
<./figures/fs_good-eps-converted-to.pdf, id=2141, 541.02126pt x 331.2375pt>
File: ./figures/fs_good-eps-converted-to.pdf Graphic file (type pdf)
<use ./figures/fs_good-eps-converted-to.pdf>
Package pdftex.def Info: ./figures/fs_good-eps-converted-to.pdf  used on input 
line 565.
(pdftex.def)             Requested size: 130.5141pt x 79.90295pt.
[27] [28 <./figures/fs_bad-eps-converted-to.pdf> <./figures/fs_good-eps-convert
ed-to.pdf>]
Package epstopdf Info: Source file: <./figures/overall.eps>
(epstopdf)                    date: 2025-04-13 21:39:43
(epstopdf)                    size: 31550 bytes
(epstopdf)             Output file: <./figures/overall-eps-converted-to.pdf>
(epstopdf)                    date: 2025-04-13 21:39:59
(epstopdf)                    size: 21411 bytes
(epstopdf)             Command: <repstopdf --outfile=./figures/overall-eps-conv
erted-to.pdf ./figures/overall.eps>
(epstopdf)             \includegraphics on input line 580.
Package epstopdf Info: Output file is already uptodate.
<./figures/overall-eps-converted-to.pdf, id=2267, 651.43375pt x 347.2975pt>
File: ./figures/overall-eps-converted-to.pdf Graphic file (type pdf)
<use ./figures/overall-eps-converted-to.pdf>
Package pdftex.def Info: ./figures/overall-eps-converted-to.pdf  used on input 
line 580.
(pdftex.def)             Requested size: 261.0282pt x 139.1656pt.
 [29 <./figures/overall-eps-converted-to.pdf>]
\openout2 = `./chapters/chapter3.aux'.


(./chapters/chapter3.tex
Chapter 3.
) [30


]
\openout2 = `./chapters/chapter4.aux'.

 (./chapters/chapter4.tex
Chapter 4.
) [31



] (./thesis.bbl
Underfull \vbox (badness 1424) has occurred while \output is active []

 [32


]
[33] [34] [35]) [36]
Package atveryend Info: Empty hook `BeforeClearDocument' on input line 602.
Package atveryend Info: Empty hook `AfterLastShipout' on input line 602.
 (./thesis.aux (./title.aux) (./chapters/abstract.aux)
(./chapters/acknowledgements.aux) (./chapters/publications.aux)
(./chapters/chapter1.aux) (./chapters/chapter2.aux) (./chapters/chapter3.aux)
(./chapters/chapter4.aux))
Package atveryend Info: Executing hook `AtVeryEndDocument' on input line 602.
Package atveryend Info: Executing hook `AtEndAfterFileList' on input line 602.
Package rerunfilecheck Info: File `thesis.out' has not changed.
(rerunfilecheck)             Checksum: 1402545FEE47F08C642BEB2D3769FCA4;1957.
 ) 
Here is how much of TeX's memory you used:
 21017 strings out of 492616
 378153 string characters out of 6129481
 500457 words of memory out of 5000000
 24226 multiletter control sequences out of 15000+600000
 12206 words of font info for 45 fonts, out of 8000000 for 9000
 1141 hyphenation exceptions out of 8191
 55i,17n,92p,1150b,526s stack positions out of 5000i,500n,10000p,200000b,80000s
</usr/local/texlive/2019/texmf-dist/fonts/type1/public/amsfonts/cm/cmbx12.pfb
></usr/local/texlive/2019/texmf-dist/fonts/type1/public/amsfonts/cm/cmbxti10.pf
b></usr/local/texlive/2019/texmf-dist/fonts/type1/public/amsfonts/cm/cmcsc10.pf
b></usr/local/texlive/2019/texmf-dist/fonts/type1/public/amsfonts/cm/cmex10.pfb
></usr/local/texlive/2019/texmf-dist/fonts/type1/public/amsfonts/cm/cmmi12.pfb>
</usr/local/texlive/2019/texmf-dist/fonts/type1/public/amsfonts/cm/cmmi6.pfb></
usr/local/texlive/2019/texmf-dist/fonts/type1/public/amsfonts/cm/cmmi8.pfb></us
r/local/texlive/2019/texmf-dist/fonts/type1/public/amsfonts/cm/cmr10.pfb></usr/
local/texlive/2019/texmf-dist/fonts/type1/public/amsfonts/cm/cmr12.pfb></usr/lo
cal/texlive/2019/texmf-dist/fonts/type1/public/amsfonts/cm/cmr17.pfb></usr/loca
l/texlive/2019/texmf-dist/fonts/type1/public/amsfonts/cm/cmr6.pfb></usr/local/t
exlive/2019/texmf-dist/fonts/type1/public/amsfonts/cm/cmr8.pfb></usr/local/texl
ive/2019/texmf-dist/fonts/type1/public/amsfonts/cm/cmsy10.pfb></usr/local/texli
ve/2019/texmf-dist/fonts/type1/public/amsfonts/cm/cmsy6.pfb></usr/local/texlive
/2019/texmf-dist/fonts/type1/public/amsfonts/cm/cmsy8.pfb></usr/local/texlive/2
019/texmf-dist/fonts/type1/public/amsfonts/cm/cmti12.pfb></usr/local/texlive/20
19/texmf-dist/fonts/type1/public/amsfonts/cm/cmtt12.pfb></usr/local/texlive/201
9/texmf-dist/fonts/type1/public/amsfonts/symbols/msbm10.pfb>
Output written on thesis.pdf (50 pages, 2710600 bytes).
PDF statistics:
 2456 PDF objects out of 2487 (max. 8388607)
 1248 compressed objects within 13 object streams
 191 named destinations out of 1000 (max. 500000)
 415 words of extra memory for PDF output out of 10000 (max. 10000000)

